<?xml version="1.0" encoding="UTF-8" ?>
<testsuite errors="0" failures="0" hostname="diego-Lenovo-G470" name="TodoTest" skipped="0" tests="11" time="0.446" timestamp="2016-06-03T08:41:57">
  <properties>
[...]
</properties>
  <testcase classname="TodoTest" name="pruebaExcepcion1" time="0.003" />
  <testcase classname="TodoTest" name="pruebaExcepcion2" time="0.001" />
  <testcase classname="TodoTest" name="pruebaEsPar" time="0.018" />
  <testcase classname="TodoTest" name="pruebaListaCoordsVector" time="0.004" />
  <testcase classname="TodoTest" name="pruebaListaPrimos" time="0.001" />
  <testcase classname="TodoTest" name="probarSuma" time="0.017" />
  <testcase classname="TodoTest" name="pruebaObjetoVectorClonado" time="0.0" />
  <testcase classname="TodoTest" name="probarInterpretadorTextoDif" time="0.016" />
  <testcase classname="TodoTest" name="pruebaObjeto2" time="0.0" />
  <testcase classname="TodoTest" name="probarModuloVector" time="0.016" />
  <testcase classname="TodoTest" name="probarInterpretadorTexto" time="0.01" />
  <system-out><![CDATA[]]></system-out>
  <system-err><![CDATA[]]></system-err>
</testsuite>
